#
# A fatal error has been detected by the Java Runtime Environment:
#
#  EXCEPTION_ACCESS_VIOLATION (0xc0000005) at pc=0x000000006dcc2ce0, pid=7692, tid=7960
#
# JRE version: 6.0_22-b04
# Java VM: Java HotSpot(TM) 64-Bit Server VM (17.1-b03 mixed mode windows-amd64 )
# Problematic frame:
# V  [jvm.dll+0x4d2ce0]
#
# If you would like to submit a bug report, please visit:
#   http://java.sun.com/webapps/bugreport/crash.jsp
#

---------------  T H R E A D  ---------------

Current thread (0x000000004b71a800):  JavaThread "Restlet-881581266" daemon [_thread_in_vm, id=7960, stack(0x000000004bcc0000,0x000000004bdc0000)]

siginfo: ExceptionCode=0xc0000005, reading address 0x00000000fffffffe

Registers:
EAX=0x0000000000000000, EBX=0x000000004b71a800, ECX=0x00000000fffffffe, EDX=0x00000000fffffffe
ESP=0x000000004bdbdaa8, EBP=0x000000004b71a800, ESI=0x000000004bdbdb28, EDI=0x000000004b71a9c8
EIP=0x000000006dcc2ce0, EFLAGS=0x0000000000010202

Top of Stack: (sp=0x000000004bdbdaa8)
0x000000004bdbdaa8:   000000006da130da 000000000039c578
0x000000004bdbdab8:   000000004bdbdb08 000000004b71a800
0x000000004bdbdac8:   0000000000000000 000000004bdbdc38
0x000000004bdbdad8:   0000000005bf2ab0 0000000005c522b8
0x000000004bdbdae8:   000000006da13259 000000004b71a800
0x000000004bdbdaf8:   000000004bdbdc18 00000000fffffffe
0x000000004bdbdb08:   000000004b71a9c8 000000004b71a800
0x000000004bdbdb18:   000000006da1b3f9 000000004b71a800
0x000000004bdbdb28:   000000004bdbdc18 000000004b71a800
0x000000004bdbdb38:   000000004b71a9c8 000000004b71a800
0x000000004bdbdb48:   00000000003c6e48 0000000000000217
0x000000004bdbdb58:   000000006dd5e6d8 000000004b717740
0x000000004bdbdb68:   000000018007b586 0000000005bf2ab8
0x000000004bdbdb78:   000000004b717748 000000000000000b
0x000000004bdbdb88:   000000004b71a9c8 000000004b717740
0x000000004bdbdb98:   00000000025059ce 00000000025059ce 

Instructions: (pc=0x000000006dcc2ce0)
0x000000006dcc2cd0:   ff c0 4d 3b c1 7c e9 c2 00 00 cc cc cc cc cc cc
0x000000006dcc2ce0:   0f b6 11 33 c0 84 d2 74 1b 66 66 90 66 66 66 90 


Stack: [0x000000004bcc0000,0x000000004bdc0000],  sp=0x000000004bdbdaa8,  free space=3f60000000000000000k
Native frames: (J=compiled Java code, j=interpreted, Vv=VM code, C=native code)
V  [jvm.dll+0x4d2ce0]

Java frames: (J=compiled Java code, j=interpreted, Vv=VM code)
j  com.phidgets.Phidget.getServerAddress()Ljava/lang/String;+0
j  net.ubisoa.servo.Servo.getServerAddress()Ljava/lang/String;+4
j  net.ubisoa.servo.ServoPublisherResource.itemsXML()Lorg/restlet/ext/xml/DomRepresentation;+596
v  ~StubRoutines::call_stub
j  sun.reflect.NativeMethodAccessorImpl.invoke0(Ljava/lang/reflect/Method;Ljava/lang/Object;[Ljava/lang/Object;)Ljava/lang/Object;+0
j  sun.reflect.NativeMethodAccessorImpl.invoke(Ljava/lang/Object;[Ljava/lang/Object;)Ljava/lang/Object;+87
j  sun.reflect.DelegatingMethodAccessorImpl.invoke(Ljava/lang/Object;[Ljava/lang/Object;)Ljava/lang/Object;+6
j  java.lang.reflect.Method.invoke(Ljava/lang/Object;[Ljava/lang/Object;)Ljava/lang/Object;+161
j  org.restlet.resource.ServerResource.doHandle(Lorg/restlet/engine/resource/AnnotationInfo;Lorg/restlet/representation/Variant;)Lorg/restlet/representation/Representation;+183
j  org.restlet.resource.ServerResource.get(Lorg/restlet/representation/Variant;)Lorg/restlet/representation/Representation;+18
j  org.restlet.resource.ServerResource.doHandle(Lorg/restlet/representation/Variant;)Lorg/restlet/representation/Representation;+80
j  org.restlet.resource.ServerResource.doNegotiatedHandle()Lorg/restlet/representation/Representation;+62
j  org.restlet.resource.ServerResource.doConditionalHandle()Lorg/restlet/representation/Representation;+241
j  org.restlet.resource.ServerResource.handle()Lorg/restlet/representation/Representation;+37
j  org.restlet.resource.Finder.handle(Lorg/restlet/Request;Lorg/restlet/Response;)V+313
j  org.restlet.routing.Filter.doHandle(Lorg/restlet/Request;Lorg/restlet/Response;)I+15
j  org.restlet.routing.Filter.handle(Lorg/restlet/Request;Lorg/restlet/Response;)V+43
j  org.restlet.routing.Router.doHandle(Lorg/restlet/Restlet;Lorg/restlet/Request;Lorg/restlet/Response;)V+3
j  org.restlet.routing.Router.handle(Lorg/restlet/Request;Lorg/restlet/Response;)V+21
j  org.restlet.routing.Filter.doHandle(Lorg/restlet/Request;Lorg/restlet/Response;)I+15
j  org.restlet.routing.Filter.handle(Lorg/restlet/Request;Lorg/restlet/Response;)V+43
j  org.restlet.routing.Filter.doHandle(Lorg/restlet/Request;Lorg/restlet/Response;)I+15
j  org.restlet.routing.Filter.handle(Lorg/restlet/Request;Lorg/restlet/Response;)V+43
j  org.restlet.routing.Filter.doHandle(Lorg/restlet/Request;Lorg/restlet/Response;)I+15
j  org.restlet.engine.application.StatusFilter.doHandle(Lorg/restlet/Request;Lorg/restlet/Response;)I+3
j  org.restlet.routing.Filter.handle(Lorg/restlet/Request;Lorg/restlet/Response;)V+43
j  org.restlet.routing.Filter.doHandle(Lorg/restlet/Request;Lorg/restlet/Response;)I+15
j  org.restlet.routing.Filter.handle(Lorg/restlet/Request;Lorg/restlet/Response;)V+43
j  org.restlet.engine.ChainHelper.handle(Lorg/restlet/Request;Lorg/restlet/Response;)V+19
j  org.restlet.engine.application.ApplicationHelper.handle(Lorg/restlet/Request;Lorg/restlet/Response;)V+13
j  org.restlet.Application.handle(Lorg/restlet/Request;Lorg/restlet/Response;)V+19
j  org.restlet.routing.Filter.doHandle(Lorg/restlet/Request;Lorg/restlet/Response;)I+15
j  org.restlet.routing.Filter.handle(Lorg/restlet/Request;Lorg/restlet/Response;)V+43
j  org.restlet.routing.Router.doHandle(Lorg/restlet/Restlet;Lorg/restlet/Request;Lorg/restlet/Response;)V+3
j  org.restlet.routing.Router.handle(Lorg/restlet/Request;Lorg/restlet/Response;)V+21
j  org.restlet.routing.Filter.doHandle(Lorg/restlet/Request;Lorg/restlet/Response;)I+15
j  org.restlet.routing.Filter.handle(Lorg/restlet/Request;Lorg/restlet/Response;)V+43
j  org.restlet.routing.Router.doHandle(Lorg/restlet/Restlet;Lorg/restlet/Request;Lorg/restlet/Response;)V+3
j  org.restlet.routing.Router.handle(Lorg/restlet/Request;Lorg/restlet/Response;)V+21
j  org.restlet.routing.Filter.doHandle(Lorg/restlet/Request;Lorg/restlet/Response;)I+15
j  org.restlet.engine.application.StatusFilter.doHandle(Lorg/restlet/Request;Lorg/restlet/Response;)I+3
j  org.restlet.routing.Filter.handle(Lorg/restlet/Request;Lorg/restlet/Response;)V+43
j  org.restlet.routing.Filter.doHandle(Lorg/restlet/Request;Lorg/restlet/Response;)I+15
j  org.restlet.routing.Filter.handle(Lorg/restlet/Request;Lorg/restlet/Response;)V+43
j  org.restlet.engine.ChainHelper.handle(Lorg/restlet/Request;Lorg/restlet/Response;)V+19
j  org.restlet.Component.handle(Lorg/restlet/Request;Lorg/restlet/Response;)V+19
j  org.restlet.Server.handle(Lorg/restlet/Request;Lorg/restlet/Response;)V+19
j  org.restlet.engine.http.connector.BaseServerHelper.handle(Lorg/restlet/Request;Lorg/restlet/Response;)V+15
j  org.restlet.engine.http.connector.BaseServerHelper.handleInbound(Lorg/restlet/Response;)V+22
j  org.restlet.engine.http.connector.BaseHelper.handleNextInbound()V+13
j  org.restlet.engine.http.connector.Connection.readMessages()V+99
j  org.restlet.engine.http.connector.Controller$2.run()V+4
j  java.util.concurrent.ThreadPoolExecutor$Worker.runTask(Ljava/lang/Runnable;)V+59
j  java.util.concurrent.ThreadPoolExecutor$Worker.run()V+28
j  java.lang.Thread.run()V+11
v  ~StubRoutines::call_stub

---------------  P R O C E S S  ---------------

Java Threads: ( => current thread )
  0x000000004b666800 JavaThread "Restlet-1153274506" daemon [_thread_in_native, id=5024, stack(0x000000004bdc0000,0x000000004bec0000)]
=>0x000000004b71a800 JavaThread "Restlet-881581266" daemon [_thread_in_vm, id=7960, stack(0x000000004bcc0000,0x000000004bdc0000)]
  0x00000000002cb800 JavaThread "DestroyJavaVM" [_thread_blocked, id=7368, stack(0x0000000002400000,0x0000000002500000)]
  0x000000004b666000 JavaThread "Restlet-1034573819" [_thread_in_native, id=7424, stack(0x000000004bbc0000,0x000000004bcc0000)]
  0x000000004ade4000 JavaThread "Restlet-744814285" daemon [_thread_blocked, id=7936, stack(0x000000004b980000,0x000000004ba80000)]
  0x000000004adc6000 JavaThread "Low Memory Detector" daemon [_thread_blocked, id=7996, stack(0x000000004b380000,0x000000004b480000)]
  0x00000000003cf000 JavaThread "CompilerThread1" daemon [_thread_blocked, id=356, stack(0x000000004b280000,0x000000004b380000)]
  0x00000000003c3800 JavaThread "CompilerThread0" daemon [_thread_blocked, id=6480, stack(0x000000004b180000,0x000000004b280000)]
  0x00000000003c1800 JavaThread "Attach Listener" daemon [_thread_blocked, id=6708, stack(0x000000004b080000,0x000000004b180000)]
  0x000000004adc0800 JavaThread "Signal Dispatcher" daemon [_thread_blocked, id=8048, stack(0x000000004af80000,0x000000004b080000)]
  0x00000000003a8000 JavaThread "Finalizer" daemon [_thread_blocked, id=1428, stack(0x000000004ac80000,0x000000004ad80000)]
  0x00000000003a4800 JavaThread "Reference Handler" daemon [_thread_blocked, id=168, stack(0x000000004ab80000,0x000000004ac80000)]

Other Threads:
  0x00000000003a0000 VMThread [stack: 0x000000004aa80000,0x000000004ab80000] [id=5668]
  0x000000004adcf800 WatcherThread [stack: 0x000000004b480000,0x000000004b580000] [id=4856]

VM state:not at safepoint (normal execution)

VM Mutex/Monitor currently owned by a thread: None

Heap
 PSYoungGen      total 18944K, used 8965K [0x0000000034f20000, 0x0000000036440000, 0x000000004a1c0000)
  eden space 16256K, 55% used [0x0000000034f20000,0x00000000357e1610,0x0000000035f00000)
  from space 2688K, 0% used [0x00000000361a0000,0x00000000361a0000,0x0000000036440000)
  to   space 2688K, 0% used [0x0000000035f00000,0x0000000035f00000,0x00000000361a0000)
 PSOldGen        total 43392K, used 0K [0x000000000a9c0000, 0x000000000d420000, 0x0000000034f20000)
  object space 43392K, 0% used [0x000000000a9c0000,0x000000000a9c0000,0x000000000d420000)
 PSPermGen       total 21248K, used 8250K [0x00000000055c0000, 0x0000000006a80000, 0x000000000a9c0000)
  object space 21248K, 38% used [0x00000000055c0000,0x0000000005dce9a0,0x0000000006a80000)

Dynamic libraries:
0x0000000000400000 - 0x000000000042e000 	C:\Program Files\Java\jre6\bin\javaw.exe
0x0000000077160000 - 0x000000007730b000 	C:\Windows\SYSTEM32\ntdll.dll
0x0000000077040000 - 0x000000007715f000 	C:\Windows\system32\kernel32.dll
0x000007fefd420000 - 0x000007fefd48b000 	C:\Windows\system32\KERNELBASE.dll
0x000007fefdf90000 - 0x000007fefe06b000 	C:\Windows\system32\ADVAPI32.dll
0x000007feff300000 - 0x000007feff39f000 	C:\Windows\system32\msvcrt.dll
0x000007feff3a0000 - 0x000007feff3bf000 	C:\Windows\SYSTEM32\sechost.dll
0x000007fefd940000 - 0x000007fefda6e000 	C:\Windows\system32\RPCRT4.dll
0x0000000076f40000 - 0x000000007703a000 	C:\Windows\system32\USER32.dll
0x000007feff290000 - 0x000007feff2f7000 	C:\Windows\system32\GDI32.dll
0x000007fefdd20000 - 0x000007fefdd2e000 	C:\Windows\system32\LPK.dll
0x000007fefe250000 - 0x000007fefe31a000 	C:\Windows\system32\USP10.dll
0x000007fefe220000 - 0x000007fefe24e000 	C:\Windows\system32\IMM32.DLL
0x000007fefd830000 - 0x000007fefd939000 	C:\Windows\system32\MSCTF.dll
0x0000000a01300000 - 0x0000000a01305000 	C:\Windows\system32\avgrssta.dll
0x000000006d7f0000 - 0x000000006dec1000 	C:\Program Files\Java\jre6\bin\server\jvm.dll
0x000007fefa900000 - 0x000007fefa93b000 	C:\Windows\system32\WINMM.dll
0x000000006d760000 - 0x000000006d76e000 	C:\Program Files\Java\jre6\bin\verify.dll
0x000000006d3b0000 - 0x000000006d3d7000 	C:\Program Files\Java\jre6\bin\java.dll
0x000000006d310000 - 0x000000006d31a000 	C:\Program Files\Java\jre6\bin\hpi.dll
0x0000000077330000 - 0x0000000077337000 	C:\Windows\system32\PSAPI.DLL
0x000000006d7b0000 - 0x000000006d7c2000 	C:\Program Files\Java\jre6\bin\zip.dll
0x000000006d600000 - 0x000000006d617000 	C:\Program Files\Java\jre6\bin\net.dll
0x000007fefe1d0000 - 0x000007fefe21d000 	C:\Windows\system32\WS2_32.dll
0x000007feff3e0000 - 0x000007feff3e8000 	C:\Windows\system32\NSI.dll
0x000007fefc8d0000 - 0x000007fefc924000 	C:\Windows\system32\mswsock.dll
0x000007fefc8c0000 - 0x000007fefc8c7000 	C:\Windows\System32\wship6.dll
0x000007fefc2b0000 - 0x000007fefc2b7000 	C:\Windows\System32\wshtcpip.dll
0x0000000180000000 - 0x000000018013c000 	C:\Windows\System32\phidget21.dll
0x000007fefbc90000 - 0x000007fefbc9b000 	C:\Windows\system32\HID.DLL
0x000007feff0b0000 - 0x000007feff287000 	C:\Windows\system32\SETUPAPI.dll
0x000007fefd170000 - 0x000007fefd1a6000 	C:\Windows\system32\CFGMGR32.dll
0x000007fefe070000 - 0x000007fefe147000 	C:\Windows\system32\OLEAUT32.dll
0x000007fefdd80000 - 0x000007fefdf82000 	C:\Windows\system32\ole32.dll
0x000007fefd400000 - 0x000007fefd41a000 	C:\Windows\system32\DEVOBJ.dll
0x000007fefd320000 - 0x000007fefd35a000 	C:\Windows\system32\WINTRUST.dll
0x000007fefd1b0000 - 0x000007fefd316000 	C:\Windows\system32\CRYPT32.dll
0x000007fefd160000 - 0x000007fefd16f000 	C:\Windows\system32\MSASN1.dll

VM Arguments:
jvm_args: -Dfile.encoding=UTF-8 
java_command: net.ubisoa.servo.PublisherTest
Launcher Type: SUN_STANDARD

Environment Variables:
CLASSPATH=.;C:\Program Files (x86)\Java\jre1.6.0_04\lib\ext\QTJava.zip
PATH=C:\Program Files\Common Files\Microsoft Shared\Windows Live;C:\Program Files (x86)\Common Files\Microsoft Shared\Windows Live;C:\Windows\system32;C:\Windows;C:\Windows\System32\Wbem;C:\Windows\System32\WindowsPowerShell\v1.0\;C:\Program Files\Intel\WiFi\bin\;C:\Program Files\Common Files\Intel\WirelessCommon\;C:\Program Files (x86)\Microsoft SQL Server\90\Tools\binn\;C:\Program Files (x86)\QuickTime\QTSystem\;C:\Program Files (x86)\Windows Live\Shared;C:\Program Files\TortoiseGit\bin;C:\Program Files (x86)\Common Files\Roxio Shared\DLLShared\;C:\Program Files (x86)\Common Files\Roxio Shared\DLLShared\;C:\Program Files (x86)\Common Files\Roxio Shared\9.0\DLLShared\
USERNAME=V@LERY
OS=Windows_NT
PROCESSOR_IDENTIFIER=Intel64 Family 6 Model 15 Stepping 13, GenuineIntel



---------------  S Y S T E M  ---------------

OS: Windows 7 Build 7600 

CPU:total 2 (2 cores per cpu, 1 threads per core) family 6 model 15 stepping 13, cmov, cx8, fxsr, mmx, sse, sse2, sse3, ssse3

Memory: 4k page, physical 4158580k(1031164k free), swap 8315260k(3836844k free)

vm_info: Java HotSpot(TM) 64-Bit Server VM (17.1-b03) for windows-amd64 JRE (1.6.0_22-b04), built on Sep 15 2010 00:45:56 by "java_re" with MS VC++ 8.0 (VS2005)

time: Thu Nov 18 00:39:10 2010
elapsed time: 11 seconds

