#
# A fatal error has been detected by the Java Runtime Environment:
#
#  EXCEPTION_ACCESS_VIOLATION (0xc0000005) at pc=0x000000006dcc2ce0, pid=7996, tid=7616
#
# JRE version: 6.0_22-b04
# Java VM: Java HotSpot(TM) 64-Bit Server VM (17.1-b03 mixed mode windows-amd64 )
# Problematic frame:
# V  [jvm.dll+0x4d2ce0]
#
# If you would like to submit a bug report, please visit:
#   http://java.sun.com/webapps/bugreport/crash.jsp
#

---------------  T H R E A D  ---------------

Current thread (0x000000004b6b2800):  JavaThread "Restlet-1246657009" daemon [_thread_in_vm, id=7616, stack(0x000000004bcf0000,0x000000004bdf0000)]

siginfo: ExceptionCode=0xc0000005, reading address 0x00000000fffffffe

Registers:
EAX=0x0000000000000000, EBX=0x000000004b6b2800, ECX=0x00000000fffffffe, EDX=0x00000000fffffffe
ESP=0x000000004bdedaa8, EBP=0x000000004b6b2800, ESI=0x000000004bdedb28, EDI=0x000000004b6b29c8
EIP=0x000000006dcc2ce0, EFLAGS=0x0000000000010202

Top of Stack: (sp=0x000000004bdedaa8)
0x000000004bdedaa8:   000000006da130da 00000000004fc578
0x000000004bdedab8:   000000004bdedb08 000000004b6b2800
0x000000004bdedac8:   0000000000000000 000000004bdedc38
0x000000004bdedad8:   0000000005c62e48 0000000005cc25e8
0x000000004bdedae8:   000000006da13259 000000004b6b2800
0x000000004bdedaf8:   000000004bdedc18 00000000fffffffe
0x000000004bdedb08:   000000004b6b29c8 000000004b6b2800
0x000000004bdedb18:   000000006da1b3f9 000000004b6b2800
0x000000004bdedb28:   000000004bdedc18 000000004b6b2800
0x000000004bdedb38:   000000004b6b29c8 000000004b6b2800
0x000000004bdedb48:   000000000052b328 0000000000000217
0x000000004bdedb58:   000000006dd5e6d8 000000004b6d0910
0x000000004bdedb68:   000000018007b586 0000000005c62e50
0x000000004bdedb78:   000000004b6d0918 000000000000000b
0x000000004bdedb88:   000000004b6b29c8 000000004b6d0910
0x000000004bdedb98:   00000000025759ce 00000000025759ce 

Instructions: (pc=0x000000006dcc2ce0)
0x000000006dcc2cd0:   ff c0 4d 3b c1 7c e9 c2 00 00 cc cc cc cc cc cc
0x000000006dcc2ce0:   0f b6 11 33 c0 84 d2 74 1b 66 66 90 66 66 66 90 


Stack: [0x000000004bcf0000,0x000000004bdf0000],  sp=0x000000004bdedaa8,  free space=3f60000000000000000k
Native frames: (J=compiled Java code, j=interpreted, Vv=VM code, C=native code)
V  [jvm.dll+0x4d2ce0]

Java frames: (J=compiled Java code, j=interpreted, Vv=VM code)
j  com.phidgets.Phidget.getServerAddress()Ljava/lang/String;+0
j  net.ubisoa.servo.Servo.getServerAddress()Ljava/lang/String;+4
j  net.ubisoa.servo.ServoPublisherResource.itemsXML()Lorg/restlet/ext/xml/DomRepresentation;+596
v  ~StubRoutines::call_stub
j  sun.reflect.NativeMethodAccessorImpl.invoke0(Ljava/lang/reflect/Method;Ljava/lang/Object;[Ljava/lang/Object;)Ljava/lang/Object;+0
j  sun.reflect.NativeMethodAccessorImpl.invoke(Ljava/lang/Object;[Ljava/lang/Object;)Ljava/lang/Object;+87
j  sun.reflect.DelegatingMethodAccessorImpl.invoke(Ljava/lang/Object;[Ljava/lang/Object;)Ljava/lang/Object;+6
j  java.lang.reflect.Method.invoke(Ljava/lang/Object;[Ljava/lang/Object;)Ljava/lang/Object;+161
j  org.restlet.resource.ServerResource.doHandle(Lorg/restlet/engine/resource/AnnotationInfo;Lorg/restlet/representation/Variant;)Lorg/restlet/representation/Representation;+183
j  org.restlet.resource.ServerResource.get(Lorg/restlet/representation/Variant;)Lorg/restlet/representation/Representation;+18
j  org.restlet.resource.ServerResource.doHandle(Lorg/restlet/representation/Variant;)Lorg/restlet/representation/Representation;+80
j  org.restlet.resource.ServerResource.doNegotiatedHandle()Lorg/restlet/representation/Representation;+62
j  org.restlet.resource.ServerResource.doConditionalHandle()Lorg/restlet/representation/Representation;+241
j  org.restlet.resource.ServerResource.handle()Lorg/restlet/representation/Representation;+37
j  org.restlet.resource.Finder.handle(Lorg/restlet/Request;Lorg/restlet/Response;)V+313
j  org.restlet.routing.Filter.doHandle(Lorg/restlet/Request;Lorg/restlet/Response;)I+15
j  org.restlet.routing.Filter.handle(Lorg/restlet/Request;Lorg/restlet/Response;)V+43
j  org.restlet.routing.Router.doHandle(Lorg/restlet/Restlet;Lorg/restlet/Request;Lorg/restlet/Response;)V+3
j  org.restlet.routing.Router.handle(Lorg/restlet/Request;Lorg/restlet/Response;)V+21
j  org.restlet.routing.Filter.doHandle(Lorg/restlet/Request;Lorg/restlet/Response;)I+15
j  org.restlet.routing.Filter.handle(Lorg/restlet/Request;Lorg/restlet/Response;)V+43
j  org.restlet.routing.Filter.doHandle(Lorg/restlet/Request;Lorg/restlet/Response;)I+15
j  org.restlet.routing.Filter.handle(Lorg/restlet/Request;Lorg/restlet/Response;)V+43
j  org.restlet.routing.Filter.doHandle(Lorg/restlet/Request;Lorg/restlet/Response;)I+15
j  org.restlet.engine.application.StatusFilter.doHandle(Lorg/restlet/Request;Lorg/restlet/Response;)I+3
j  org.restlet.routing.Filter.handle(Lorg/restlet/Request;Lorg/restlet/Response;)V+43
j  org.restlet.routing.Filter.doHandle(Lorg/restlet/Request;Lorg/restlet/Response;)I+15
j  org.restlet.routing.Filter.handle(Lorg/restlet/Request;Lorg/restlet/Response;)V+43
j  org.restlet.engine.ChainHelper.handle(Lorg/restlet/Request;Lorg/restlet/Response;)V+19
j  org.restlet.engine.application.ApplicationHelper.handle(Lorg/restlet/Request;Lorg/restlet/Response;)V+13
j  org.restlet.Application.handle(Lorg/restlet/Request;Lorg/restlet/Response;)V+19
j  org.restlet.routing.Filter.doHandle(Lorg/restlet/Request;Lorg/restlet/Response;)I+15
j  org.restlet.routing.Filter.handle(Lorg/restlet/Request;Lorg/restlet/Response;)V+43
j  org.restlet.routing.Router.doHandle(Lorg/restlet/Restlet;Lorg/restlet/Request;Lorg/restlet/Response;)V+3
j  org.restlet.routing.Router.handle(Lorg/restlet/Request;Lorg/restlet/Response;)V+21
j  org.restlet.routing.Filter.doHandle(Lorg/restlet/Request;Lorg/restlet/Response;)I+15
j  org.restlet.routing.Filter.handle(Lorg/restlet/Request;Lorg/restlet/Response;)V+43
j  org.restlet.routing.Router.doHandle(Lorg/restlet/Restlet;Lorg/restlet/Request;Lorg/restlet/Response;)V+3
j  org.restlet.routing.Router.handle(Lorg/restlet/Request;Lorg/restlet/Response;)V+21
j  org.restlet.routing.Filter.doHandle(Lorg/restlet/Request;Lorg/restlet/Response;)I+15
j  org.restlet.engine.application.StatusFilter.doHandle(Lorg/restlet/Request;Lorg/restlet/Response;)I+3
j  org.restlet.routing.Filter.handle(Lorg/restlet/Request;Lorg/restlet/Response;)V+43
j  org.restlet.routing.Filter.doHandle(Lorg/restlet/Request;Lorg/restlet/Response;)I+15
j  org.restlet.routing.Filter.handle(Lorg/restlet/Request;Lorg/restlet/Response;)V+43
j  org.restlet.engine.ChainHelper.handle(Lorg/restlet/Request;Lorg/restlet/Response;)V+19
j  org.restlet.Component.handle(Lorg/restlet/Request;Lorg/restlet/Response;)V+19
j  org.restlet.Server.handle(Lorg/restlet/Request;Lorg/restlet/Response;)V+19
j  org.restlet.engine.http.connector.BaseServerHelper.handle(Lorg/restlet/Request;Lorg/restlet/Response;)V+15
j  org.restlet.engine.http.connector.BaseServerHelper.handleInbound(Lorg/restlet/Response;)V+22
j  org.restlet.engine.http.connector.BaseHelper.handleNextInbound()V+13
j  org.restlet.engine.http.connector.Connection.readMessages()V+99
j  org.restlet.engine.http.connector.Controller$2.run()V+4
j  java.util.concurrent.ThreadPoolExecutor$Worker.runTask(Ljava/lang/Runnable;)V+59
j  java.util.concurrent.ThreadPoolExecutor$Worker.run()V+28
j  java.lang.Thread.run()V+11
v  ~StubRoutines::call_stub

---------------  P R O C E S S  ---------------

Java Threads: ( => current thread )
  0x000000004b6b1800 JavaThread "Restlet-2044708167" daemon [_thread_in_native, id=5576, stack(0x000000004bea0000,0x000000004bfa0000)]
=>0x000000004b6b2800 JavaThread "Restlet-1246657009" daemon [_thread_in_vm, id=7616, stack(0x000000004bcf0000,0x000000004bdf0000)]
  0x00000000005eb800 JavaThread "DestroyJavaVM" [_thread_blocked, id=6688, stack(0x0000000002470000,0x0000000002570000)]
  0x000000004b69a800 JavaThread "Restlet-1765421434" [_thread_in_native, id=6372, stack(0x000000004baf0000,0x000000004bbf0000)]
  0x000000004af30800 JavaThread "Restlet-1345041684" daemon [_thread_blocked, id=5244, stack(0x000000004b9f0000,0x000000004baf0000)]
  0x000000004ae35000 JavaThread "Low Memory Detector" daemon [_thread_blocked, id=7712, stack(0x000000004b3f0000,0x000000004b4f0000)]
  0x000000004ae31000 JavaThread "CompilerThread1" daemon [_thread_blocked, id=1992, stack(0x000000004b2f0000,0x000000004b3f0000)]
  0x0000000000528000 JavaThread "CompilerThread0" daemon [_thread_blocked, id=2780, stack(0x000000004b1f0000,0x000000004b2f0000)]
  0x0000000000522800 JavaThread "Attach Listener" daemon [_thread_blocked, id=6308, stack(0x000000004b0f0000,0x000000004b1f0000)]
  0x000000004ae30800 JavaThread "Signal Dispatcher" daemon [_thread_blocked, id=8052, stack(0x000000004aff0000,0x000000004b0f0000)]
  0x000000000050d800 JavaThread "Finalizer" daemon [_thread_blocked, id=7792, stack(0x000000004acf0000,0x000000004adf0000)]
  0x0000000000504800 JavaThread "Reference Handler" daemon [_thread_blocked, id=7568, stack(0x000000004abf0000,0x000000004acf0000)]

Other Threads:
  0x0000000000500000 VMThread [stack: 0x000000004aaf0000,0x000000004abf0000] [id=7660]
  0x000000004ae48800 WatcherThread [stack: 0x000000004b4f0000,0x000000004b5f0000] [id=5024]

VM state:not at safepoint (normal execution)

VM Mutex/Monitor currently owned by a thread: None

Heap
 PSYoungGen      total 18944K, used 8971K [0x0000000034f90000, 0x00000000364b0000, 0x000000004a230000)
  eden space 16256K, 55% used [0x0000000034f90000,0x0000000035852ef8,0x0000000035f70000)
  from space 2688K, 0% used [0x0000000036210000,0x0000000036210000,0x00000000364b0000)
  to   space 2688K, 0% used [0x0000000035f70000,0x0000000035f70000,0x0000000036210000)
 PSOldGen        total 43392K, used 0K [0x000000000aa30000, 0x000000000d490000, 0x0000000034f90000)
  object space 43392K, 0% used [0x000000000aa30000,0x000000000aa30000,0x000000000d490000)
 PSPermGen       total 21248K, used 8251K [0x0000000005630000, 0x0000000006af0000, 0x000000000aa30000)
  object space 21248K, 38% used [0x0000000005630000,0x0000000005e3ed28,0x0000000006af0000)

Dynamic libraries:
0x0000000000400000 - 0x000000000042e000 	C:\Program Files\Java\jre6\bin\javaw.exe
0x0000000077160000 - 0x000000007730b000 	C:\Windows\SYSTEM32\ntdll.dll
0x0000000077040000 - 0x000000007715f000 	C:\Windows\system32\kernel32.dll
0x000007fefd420000 - 0x000007fefd48b000 	C:\Windows\system32\KERNELBASE.dll
0x000007fefdf90000 - 0x000007fefe06b000 	C:\Windows\system32\ADVAPI32.dll
0x000007feff300000 - 0x000007feff39f000 	C:\Windows\system32\msvcrt.dll
0x000007feff3a0000 - 0x000007feff3bf000 	C:\Windows\SYSTEM32\sechost.dll
0x000007fefd940000 - 0x000007fefda6e000 	C:\Windows\system32\RPCRT4.dll
0x0000000076f40000 - 0x000000007703a000 	C:\Windows\system32\USER32.dll
0x000007feff290000 - 0x000007feff2f7000 	C:\Windows\system32\GDI32.dll
0x000007fefdd20000 - 0x000007fefdd2e000 	C:\Windows\system32\LPK.dll
0x000007fefe250000 - 0x000007fefe31a000 	C:\Windows\system32\USP10.dll
0x000007fefe220000 - 0x000007fefe24e000 	C:\Windows\system32\IMM32.DLL
0x000007fefd830000 - 0x000007fefd939000 	C:\Windows\system32\MSCTF.dll
0x0000000a01300000 - 0x0000000a01305000 	C:\Windows\system32\avgrssta.dll
0x000000006d7f0000 - 0x000000006dec1000 	C:\Program Files\Java\jre6\bin\server\jvm.dll
0x000007fefa900000 - 0x000007fefa93b000 	C:\Windows\system32\WINMM.dll
0x000000006d760000 - 0x000000006d76e000 	C:\Program Files\Java\jre6\bin\verify.dll
0x000000006d3b0000 - 0x000000006d3d7000 	C:\Program Files\Java\jre6\bin\java.dll
0x000000006d310000 - 0x000000006d31a000 	C:\Program Files\Java\jre6\bin\hpi.dll
0x0000000077330000 - 0x0000000077337000 	C:\Windows\system32\PSAPI.DLL
0x000000006d7b0000 - 0x000000006d7c2000 	C:\Program Files\Java\jre6\bin\zip.dll
0x000000006d600000 - 0x000000006d617000 	C:\Program Files\Java\jre6\bin\net.dll
0x000007fefe1d0000 - 0x000007fefe21d000 	C:\Windows\system32\WS2_32.dll
0x000007feff3e0000 - 0x000007feff3e8000 	C:\Windows\system32\NSI.dll
0x000007fefc8d0000 - 0x000007fefc924000 	C:\Windows\system32\mswsock.dll
0x000007fefc8c0000 - 0x000007fefc8c7000 	C:\Windows\System32\wship6.dll
0x000007fefc2b0000 - 0x000007fefc2b7000 	C:\Windows\System32\wshtcpip.dll
0x0000000180000000 - 0x000000018013c000 	C:\Windows\System32\phidget21.dll
0x000007fefbc90000 - 0x000007fefbc9b000 	C:\Windows\system32\HID.DLL
0x000007feff0b0000 - 0x000007feff287000 	C:\Windows\system32\SETUPAPI.dll
0x000007fefd170000 - 0x000007fefd1a6000 	C:\Windows\system32\CFGMGR32.dll
0x000007fefe070000 - 0x000007fefe147000 	C:\Windows\system32\OLEAUT32.dll
0x000007fefdd80000 - 0x000007fefdf82000 	C:\Windows\system32\ole32.dll
0x000007fefd400000 - 0x000007fefd41a000 	C:\Windows\system32\DEVOBJ.dll
0x000007fefd320000 - 0x000007fefd35a000 	C:\Windows\system32\WINTRUST.dll
0x000007fefd1b0000 - 0x000007fefd316000 	C:\Windows\system32\CRYPT32.dll
0x000007fefd160000 - 0x000007fefd16f000 	C:\Windows\system32\MSASN1.dll

VM Arguments:
jvm_args: -Dfile.encoding=UTF-8 
java_command: net.ubisoa.servo.PublisherTest
Launcher Type: SUN_STANDARD

Environment Variables:
CLASSPATH=.;C:\Program Files (x86)\Java\jre1.6.0_04\lib\ext\QTJava.zip
PATH=C:\Program Files\Common Files\Microsoft Shared\Windows Live;C:\Program Files (x86)\Common Files\Microsoft Shared\Windows Live;C:\Windows\system32;C:\Windows;C:\Windows\System32\Wbem;C:\Windows\System32\WindowsPowerShell\v1.0\;C:\Program Files\Intel\WiFi\bin\;C:\Program Files\Common Files\Intel\WirelessCommon\;C:\Program Files (x86)\Microsoft SQL Server\90\Tools\binn\;C:\Program Files (x86)\QuickTime\QTSystem\;C:\Program Files (x86)\Windows Live\Shared;C:\Program Files\TortoiseGit\bin;C:\Program Files (x86)\Common Files\Roxio Shared\DLLShared\;C:\Program Files (x86)\Common Files\Roxio Shared\DLLShared\;C:\Program Files (x86)\Common Files\Roxio Shared\9.0\DLLShared\
USERNAME=V@LERY
OS=Windows_NT
PROCESSOR_IDENTIFIER=Intel64 Family 6 Model 15 Stepping 13, GenuineIntel



---------------  S Y S T E M  ---------------

OS: Windows 7 Build 7600 

CPU:total 2 (2 cores per cpu, 1 threads per core) family 6 model 15 stepping 13, cmov, cx8, fxsr, mmx, sse, sse2, sse3, ssse3

Memory: 4k page, physical 4158580k(1103584k free), swap 8315260k(3937672k free)

vm_info: Java HotSpot(TM) 64-Bit Server VM (17.1-b03) for windows-amd64 JRE (1.6.0_22-b04), built on Sep 15 2010 00:45:56 by "java_re" with MS VC++ 8.0 (VS2005)

time: Wed Nov 17 23:47:17 2010
elapsed time: 5 seconds

